build/app/intermediates/manifest_merge_blame_file/debug/manifest-merger-blame-debug-report.txt
1<?xml version="1.0" encoding="utf-8"?>
2<manifest xmlns:android="http://schemas.android.com/apk/res/android"
3    package="com.ryanheise.audioserviceexample"
4    android:versionCode="1"
5    android:versionName="1.0" >
6
7    <uses-sdk
8        android:minSdkVersion="21"
9        android:targetSdkVersion="28" />
10    <!--
11         Flutter needs it to communicate with the running application
12         to allow setting breakpoints, to provide hot reload, etc.
13    -->
14    <uses-permission android:name="android.permission.INTERNET" />
14-->src\main\AndroidManifest.xml:8:5-66
14-->src\main\AndroidManifest.xml:8:22-64
15    <uses-permission android:name="android.permission.WAKE_LOCK" />
15-->src\main\AndroidManifest.xml:9:5-67
15-->src\main\AndroidManifest.xml:9:22-65
16    <uses-permission android:name="android.permission.FOREGROUND_SERVICE" />
16-->src\main\AndroidManifest.xml:10:5-76
16-->src\main\AndroidManifest.xml:10:22-74
17    <uses-permission android:name="android.permission.ACCESS_NETWORK_STATE" />
17-->[com.google.android.exoplayer:exoplayer-core:2.15.0] AndroidManifest.xml:24:5-79
17-->[com.google.android.exoplayer:exoplayer-core:2.15.0] AndroidManifest.xml:24:22-76
18
19    <queries>
19-->[androidx.media2:media2-session:1.1.3] AndroidManifest.xml:24:5-34:15
20        <intent>
20-->[androidx.media2:media2-session:1.1.3] AndroidManifest.xml:25:9-27:18
21            <action android:name="android.media.browse.MediaBrowserService" />
21-->src\main\AndroidManifest.xml:35:17-83
21-->src\main\AndroidManifest.xml:35:25-80
22        </intent>
23        <intent>
23-->[androidx.media2:media2-session:1.1.3] AndroidManifest.xml:28:9-30:18
24            <action android:name="androidx.media2.session.MediaSessionService" />
24-->[androidx.media2:media2-session:1.1.3] AndroidManifest.xml:29:13-82
24-->[androidx.media2:media2-session:1.1.3] AndroidManifest.xml:29:21-79
25        </intent>
26        <intent>
26-->[androidx.media2:media2-session:1.1.3] AndroidManifest.xml:31:9-33:18
27            <action android:name="androidx.media2.session.MediaLibraryService" />
27-->[androidx.media2:media2-session:1.1.3] AndroidManifest.xml:32:13-82
27-->[androidx.media2:media2-session:1.1.3] AndroidManifest.xml:32:21-79
28        </intent>
29    </queries>
30    <!--
31 io.flutter.app.FlutterApplication is an android.app.Application that
32         calls FlutterMain.startInitialization(this); in its onCreate method.
33         In most cases you can leave this as-is, but you if you want to provide
34         additional functionality it is fine to subclass or reimplement
35         FlutterApplication and put your custom class here.
36    -->
37    <application
37-->src\main\AndroidManifest.xml:17:5-49:19
38        android:appComponentFactory="androidx.core.app.CoreComponentFactory"
38-->[androidx.core:core:1.6.0] AndroidManifest.xml:24:18-86
39        android:debuggable="true"
40        android:icon="@mipmap/ic_launcher"
40-->src\main\AndroidManifest.xml:19:9-43
41        android:label="Audio Service Demo" >
41-->src\main\AndroidManifest.xml:18:9-43
42        <activity
42-->src\main\AndroidManifest.xml:20:9-31:20
43            android:name="com.ryanheise.audioservice.AudioServiceActivity"
43-->src\main\AndroidManifest.xml:21:13-75
44            android:configChanges="orientation|keyboardHidden|keyboard|screenSize|locale|layoutDirection|fontScale|screenLayout|density"
44-->src\main\AndroidManifest.xml:24:13-137
45            android:hardwareAccelerated="true"
45-->src\main\AndroidManifest.xml:25:13-47
46            android:launchMode="singleTop"
46-->src\main\AndroidManifest.xml:22:13-43
47            android:theme="@style/LaunchTheme"
47-->src\main\AndroidManifest.xml:23:13-47
48            android:windowSoftInputMode="adjustResize" >
48-->src\main\AndroidManifest.xml:26:13-55
49            <intent-filter>
49-->src\main\AndroidManifest.xml:27:13-30:29
50                <action android:name="android.intent.action.MAIN" />
50-->src\main\AndroidManifest.xml:28:17-68
50-->src\main\AndroidManifest.xml:28:25-66
51
52                <category android:name="android.intent.category.LAUNCHER" />
52-->src\main\AndroidManifest.xml:29:17-76
52-->src\main\AndroidManifest.xml:29:27-74
53            </intent-filter>
54        </activity>
55
56        <service android:name="com.ryanheise.audioservice.AudioService" >
56-->src\main\AndroidManifest.xml:33:9-37:19
56-->src\main\AndroidManifest.xml:33:18-72
57            <intent-filter>
57-->src\main\AndroidManifest.xml:34:13-36:29
58                <action android:name="android.media.browse.MediaBrowserService" />
58-->src\main\AndroidManifest.xml:35:17-83
58-->src\main\AndroidManifest.xml:35:25-80
59            </intent-filter>
60        </service>
61
62        <receiver android:name="com.ryanheise.audioservice.MediaButtonReceiver" >
62-->src\main\AndroidManifest.xml:39:9-43:20
62-->src\main\AndroidManifest.xml:39:19-80
63            <intent-filter>
63-->src\main\AndroidManifest.xml:40:13-42:29
64                <action android:name="android.intent.action.MEDIA_BUTTON" />
64-->src\main\AndroidManifest.xml:41:17-77
64-->src\main\AndroidManifest.xml:41:25-74
65            </intent-filter>
66        </receiver>
67
68        <meta-data
68-->src\main\AndroidManifest.xml:45:9-47:33
69            android:name="flutterEmbedding"
69-->src\main\AndroidManifest.xml:46:13-44
70            android:value="2" />
70-->src\main\AndroidManifest.xml:47:13-30
71
72        <provider
72-->[:share_plus] AndroidManifest.xml:8:9-16:20
73            android:name="dev.fluttercommunity.plus.share.ShareFileProvider"
73-->[:share_plus] AndroidManifest.xml:9:13-77
74            android:authorities="com.ryanheise.audioserviceexample.flutter.share_provider"
74-->[:share_plus] AndroidManifest.xml:10:13-74
75            android:exported="false"
75-->[:share_plus] AndroidManifest.xml:11:13-37
76            android:grantUriPermissions="true" >
76-->[:share_plus] AndroidManifest.xml:12:13-47
77            <meta-data
77-->[:share_plus] AndroidManifest.xml:13:13-15:68
78                android:name="android.support.FILE_PROVIDER_PATHS"
78-->[:share_plus] AndroidManifest.xml:14:17-67
79                android:resource="@xml/flutter_share_file_paths" />
79-->[:share_plus] AndroidManifest.xml:15:17-65
80        </provider>
81
82        <activity
82-->[:url_launcher] AndroidManifest.xml:8:9-11:74
83            android:name="io.flutter.plugins.urllauncher.WebViewActivity"
83-->[:url_launcher] AndroidManifest.xml:9:13-74
84            android:exported="false"
84-->[:url_launcher] AndroidManifest.xml:10:13-37
85            android:theme="@android:style/Theme.NoTitleBar.Fullscreen" />
85-->[:url_launcher] AndroidManifest.xml:11:13-71
86    </application>
87
88</manifest>